

================================================================
== Vitis HLS Report for 'matmul_hls_Pipeline_VITIS_LOOP_35_1_VITIS_LOOP_36_2'
================================================================
* Date:           Mon Sep 15 23:20:09 2025

* Version:        2024.1 (Build 5069499 on May 21 2024)
* Project:        matmul_hls
* Solution:       hls (Vivado IP Flow Target)
* Product family: zynq
* Target device:  xc7z020-clg400-1


================================================================
== Performance Estimates
================================================================
+ Timing: 
    * Summary: 
    +--------+----------+----------+------------+
    |  Clock |  Target  | Estimated| Uncertainty|
    +--------+----------+----------+------------+
    |ap_clk  |  10.00 ns|  6.666 ns|     2.70 ns|
    +--------+----------+----------+------------+

+ Latency: 
    * Summary: 
    +---------+---------+----------+----------+-------+-------+-----------------------------------------------+
    |  Latency (cycles) |  Latency (absolute) |    Interval   |                    Pipeline                   |
    |   min   |   max   |    min   |    max   |  min  |  max  |                      Type                     |
    +---------+---------+----------+----------+-------+-------+-----------------------------------------------+
    |    16387|    16387|  0.164 ms|  0.164 ms|  16385|  16385|  loop auto-rewind stp(delay=0 clock cycles(s))|
    +---------+---------+----------+----------+-------+-------+-----------------------------------------------+

    + Detail: 
        * Instance: 
        N/A

        * Loop: 
        +-----------------------------------+---------+---------+----------+-----------+-----------+-------+----------+
        |                                   |  Latency (cycles) | Iteration|  Initiation Interval  |  Trip |          |
        |             Loop Name             |   min   |   max   |  Latency |  achieved |   target  | Count | Pipelined|
        +-----------------------------------+---------+---------+----------+-----------+-----------+-------+----------+
        |- VITIS_LOOP_35_1_VITIS_LOOP_36_2  |    16385|    16385|         3|          1|          1|  16384|       yes|
        +-----------------------------------+---------+---------+----------+-----------+-----------+-------+----------+

============================================================
+ Verbose Summary: Synthesis Manager
============================================================
InlineROM: 1
ExposeGlobal: 0
============================================================
+ Verbose Summary: CDFG Model
============================================================
IsTopModel: 0
ResetActiveHigh: 1
IsCombinational: 0
IsDatapathOnly: 0
HasWiredReturn: 1
HasMFsm: 2
HasVarLatency: 1
IsPipeline: 0
IsRtlPipelined: 0
IsInstanceOverlapped: 0
IsDontTouch: 0
HasImplIP: 0
IsGatedGlobalClock: 0

+ Individual pipeline summary: 
  * Pipeline-0: initiation interval (II) = 1, depth = 3


============================================================
+ Verbose Summary: Schedule
============================================================
* Number of FSM states : 3
* Pipeline : 1
  Pipeline-0 : II = 1, D = 3, States = { 1 2 3 }
* Dataflow Pipeline: 0

* FSM state transitions: 
1 --> 2 
2 --> 3 
3 --> 

* FSM state operations: 

State 1 <SV = 0> <Delay = 5.12>
ST_1 : Operation 6 [1/1] (0.00ns)   --->   "%j = alloca i32 1" [../matmul_hls.cpp:36]   --->   Operation 6 'alloca' 'j' <Predicate = true> <Delay = 0.00>
ST_1 : Operation 7 [1/1] (0.00ns)   --->   "%i = alloca i32 1" [../matmul_hls.cpp:35]   --->   Operation 7 'alloca' 'i' <Predicate = true> <Delay = 0.00>
ST_1 : Operation 8 [1/1] (0.00ns)   --->   "%indvar_flatten = alloca i32 1"   --->   Operation 8 'alloca' 'indvar_flatten' <Predicate = true> <Delay = 0.00>
ST_1 : Operation 9 [1/1] (0.00ns)   --->   "%specaxissidechannel_ln0 = specaxissidechannel void @_ssdm_op_SpecAXISSideChannel, i32 %stream_in_V_data_V, i4 %stream_in_V_keep_V, i4 %stream_in_V_strb_V, i1 0, i1 %stream_in_V_last_V, i1 0, i1 0, void @empty_0"   --->   Operation 9 'specaxissidechannel' 'specaxissidechannel_ln0' <Predicate = true> <Delay = 0.00>
ST_1 : Operation 10 [1/1] (0.00ns)   --->   "%specmemcore_ln0 = specmemcore void @_ssdm_op_SpecMemCore, i32 %A, i64 666, i64 22, i64 18446744073709551615"   --->   Operation 10 'specmemcore' 'specmemcore_ln0' <Predicate = true> <Delay = 0.00>
ST_1 : Operation 11 [1/1] (0.00ns)   --->   "%specmemcore_ln0 = specmemcore void @_ssdm_op_SpecMemCore, i32 %A_1, i64 666, i64 22, i64 18446744073709551615"   --->   Operation 11 'specmemcore' 'specmemcore_ln0' <Predicate = true> <Delay = 0.00>
ST_1 : Operation 12 [1/1] (0.00ns)   --->   "%specmemcore_ln0 = specmemcore void @_ssdm_op_SpecMemCore, i32 %A_2, i64 666, i64 22, i64 18446744073709551615"   --->   Operation 12 'specmemcore' 'specmemcore_ln0' <Predicate = true> <Delay = 0.00>
ST_1 : Operation 13 [1/1] (0.00ns)   --->   "%specmemcore_ln0 = specmemcore void @_ssdm_op_SpecMemCore, i32 %A_3, i64 666, i64 22, i64 18446744073709551615"   --->   Operation 13 'specmemcore' 'specmemcore_ln0' <Predicate = true> <Delay = 0.00>
ST_1 : Operation 14 [1/1] (0.00ns)   --->   "%specmemcore_ln0 = specmemcore void @_ssdm_op_SpecMemCore, i32 %A_4, i64 666, i64 22, i64 18446744073709551615"   --->   Operation 14 'specmemcore' 'specmemcore_ln0' <Predicate = true> <Delay = 0.00>
ST_1 : Operation 15 [1/1] (0.00ns)   --->   "%specmemcore_ln0 = specmemcore void @_ssdm_op_SpecMemCore, i32 %A_5, i64 666, i64 22, i64 18446744073709551615"   --->   Operation 15 'specmemcore' 'specmemcore_ln0' <Predicate = true> <Delay = 0.00>
ST_1 : Operation 16 [1/1] (0.00ns)   --->   "%specmemcore_ln0 = specmemcore void @_ssdm_op_SpecMemCore, i32 %A_6, i64 666, i64 22, i64 18446744073709551615"   --->   Operation 16 'specmemcore' 'specmemcore_ln0' <Predicate = true> <Delay = 0.00>
ST_1 : Operation 17 [1/1] (0.00ns)   --->   "%specmemcore_ln0 = specmemcore void @_ssdm_op_SpecMemCore, i32 %A_7, i64 666, i64 22, i64 18446744073709551615"   --->   Operation 17 'specmemcore' 'specmemcore_ln0' <Predicate = true> <Delay = 0.00>
ST_1 : Operation 18 [1/1] (0.00ns)   --->   "%specmemcore_ln0 = specmemcore void @_ssdm_op_SpecMemCore, i32 %A_8, i64 666, i64 22, i64 18446744073709551615"   --->   Operation 18 'specmemcore' 'specmemcore_ln0' <Predicate = true> <Delay = 0.00>
ST_1 : Operation 19 [1/1] (0.00ns)   --->   "%specmemcore_ln0 = specmemcore void @_ssdm_op_SpecMemCore, i32 %A_9, i64 666, i64 22, i64 18446744073709551615"   --->   Operation 19 'specmemcore' 'specmemcore_ln0' <Predicate = true> <Delay = 0.00>
ST_1 : Operation 20 [1/1] (0.00ns)   --->   "%specmemcore_ln0 = specmemcore void @_ssdm_op_SpecMemCore, i32 %A_10, i64 666, i64 22, i64 18446744073709551615"   --->   Operation 20 'specmemcore' 'specmemcore_ln0' <Predicate = true> <Delay = 0.00>
ST_1 : Operation 21 [1/1] (0.00ns)   --->   "%specmemcore_ln0 = specmemcore void @_ssdm_op_SpecMemCore, i32 %A_11, i64 666, i64 22, i64 18446744073709551615"   --->   Operation 21 'specmemcore' 'specmemcore_ln0' <Predicate = true> <Delay = 0.00>
ST_1 : Operation 22 [1/1] (0.00ns)   --->   "%specmemcore_ln0 = specmemcore void @_ssdm_op_SpecMemCore, i32 %A_12, i64 666, i64 22, i64 18446744073709551615"   --->   Operation 22 'specmemcore' 'specmemcore_ln0' <Predicate = true> <Delay = 0.00>
ST_1 : Operation 23 [1/1] (0.00ns)   --->   "%specmemcore_ln0 = specmemcore void @_ssdm_op_SpecMemCore, i32 %A_13, i64 666, i64 22, i64 18446744073709551615"   --->   Operation 23 'specmemcore' 'specmemcore_ln0' <Predicate = true> <Delay = 0.00>
ST_1 : Operation 24 [1/1] (0.00ns)   --->   "%specmemcore_ln0 = specmemcore void @_ssdm_op_SpecMemCore, i32 %A_14, i64 666, i64 22, i64 18446744073709551615"   --->   Operation 24 'specmemcore' 'specmemcore_ln0' <Predicate = true> <Delay = 0.00>
ST_1 : Operation 25 [1/1] (0.00ns)   --->   "%specmemcore_ln0 = specmemcore void @_ssdm_op_SpecMemCore, i32 %A_15, i64 666, i64 22, i64 18446744073709551615"   --->   Operation 25 'specmemcore' 'specmemcore_ln0' <Predicate = true> <Delay = 0.00>
ST_1 : Operation 26 [1/1] (0.00ns)   --->   "%specinterface_ln0 = specinterface void @_ssdm_op_SpecInterface, i1 %stream_in_V_last_V, void @empty_1, i32 0, i32 0, void @empty_2, i32 0, i32 0, void @empty_3, void @empty_3, void @empty_3, i32 0, i32 0, i32 0, i32 0, void @empty_3, void @empty_3, i32 4294967295, i32 0, i32 0"   --->   Operation 26 'specinterface' 'specinterface_ln0' <Predicate = true> <Delay = 0.00>
ST_1 : Operation 27 [1/1] (0.00ns)   --->   "%specinterface_ln0 = specinterface void @_ssdm_op_SpecInterface, i4 %stream_in_V_strb_V, void @empty_1, i32 0, i32 0, void @empty_2, i32 0, i32 0, void @empty_3, void @empty_3, void @empty_3, i32 0, i32 0, i32 0, i32 0, void @empty_3, void @empty_3, i32 4294967295, i32 0, i32 0"   --->   Operation 27 'specinterface' 'specinterface_ln0' <Predicate = true> <Delay = 0.00>
ST_1 : Operation 28 [1/1] (0.00ns)   --->   "%specinterface_ln0 = specinterface void @_ssdm_op_SpecInterface, i4 %stream_in_V_keep_V, void @empty_1, i32 0, i32 0, void @empty_2, i32 0, i32 0, void @empty_3, void @empty_3, void @empty_3, i32 0, i32 0, i32 0, i32 0, void @empty_3, void @empty_3, i32 4294967295, i32 0, i32 0"   --->   Operation 28 'specinterface' 'specinterface_ln0' <Predicate = true> <Delay = 0.00>
ST_1 : Operation 29 [1/1] (0.00ns)   --->   "%specinterface_ln0 = specinterface void @_ssdm_op_SpecInterface, i32 %stream_in_V_data_V, void @empty_1, i32 0, i32 0, void @empty_2, i32 0, i32 0, void @empty_3, void @empty_3, void @empty_3, i32 0, i32 0, i32 0, i32 0, void @empty_3, void @empty_3, i32 4294967295, i32 0, i32 0"   --->   Operation 29 'specinterface' 'specinterface_ln0' <Predicate = true> <Delay = 0.00>
ST_1 : Operation 30 [1/1] (1.58ns)   --->   "%store_ln0 = store i15 0, i15 %indvar_flatten"   --->   Operation 30 'store' 'store_ln0' <Predicate = true> <Delay = 1.58>
ST_1 : Operation 31 [1/1] (1.58ns)   --->   "%store_ln35 = store i8 0, i8 %i" [../matmul_hls.cpp:35]   --->   Operation 31 'store' 'store_ln35' <Predicate = true> <Delay = 1.58>
ST_1 : Operation 32 [1/1] (1.58ns)   --->   "%store_ln36 = store i8 0, i8 %j" [../matmul_hls.cpp:36]   --->   Operation 32 'store' 'store_ln36' <Predicate = true> <Delay = 1.58>
ST_1 : Operation 33 [1/1] (0.00ns)   --->   "%br_ln35 = br void %for.inc" [../matmul_hls.cpp:35]   --->   Operation 33 'br' 'br_ln35' <Predicate = true> <Delay = 0.00>
ST_1 : Operation 34 [1/1] (0.00ns)   --->   "%indvar_flatten_load = load i15 %indvar_flatten" [../matmul_hls.cpp:35]   --->   Operation 34 'load' 'indvar_flatten_load' <Predicate = true> <Delay = 0.00>
ST_1 : Operation 35 [1/1] (1.94ns)   --->   "%icmp_ln35 = icmp_eq  i15 %indvar_flatten_load, i15 16384" [../matmul_hls.cpp:35]   --->   Operation 35 'icmp' 'icmp_ln35' <Predicate = true> <Delay = 1.94> <CoreInst = "Cmp">   --->   Core 9 'Cmp' <Latency = 0> <II = 1> <Delay = 1.94> <FuncUnit> <Opcode : 'seteq' 'setne' 'setle' 'setge' 'setlt' 'setgt'> <InPorts = 2> <OutPorts = 1>
ST_1 : Operation 36 [1/1] (1.94ns)   --->   "%add_ln35_1 = add i15 %indvar_flatten_load, i15 1" [../matmul_hls.cpp:35]   --->   Operation 36 'add' 'add_ln35_1' <Predicate = true> <Delay = 1.94> <CoreInst = "Adder">   --->   Core 1 'Adder' <Latency = 0> <II = 1> <Delay = 1.94> <FuncUnit> <Opcode : 'add' 'sub'> <InPorts = 2> <OutPorts = 1>
ST_1 : Operation 37 [1/1] (0.00ns)   --->   "%br_ln35 = br i1 %icmp_ln35, void %for.inc7, void %for.inc28.preheader.exitStub" [../matmul_hls.cpp:35]   --->   Operation 37 'br' 'br_ln35' <Predicate = true> <Delay = 0.00>
ST_1 : Operation 38 [1/1] (0.51ns)   --->   "%empty = read i41 @_ssdm_op_Read.axis.volatile.i32P0A.i4P0A.i4P0A.i1P0A, i32 %stream_in_V_data_V, i4 %stream_in_V_keep_V, i4 %stream_in_V_strb_V, i1 %stream_in_V_last_V" [../matmul_hls.cpp:38]   --->   Operation 38 'read' 'empty' <Predicate = (!icmp_ln35)> <Delay = 0.51> <CoreInst = "regslice">   --->   Core 136 'regslice' <Latency = 0> <II = 1> <Delay = 1.86> <Adapter> <Opcode : 'read' 'write'>
ST_1 : Operation 39 [1/1] (0.00ns)   --->   "%p_s = extractvalue i41 %empty" [../matmul_hls.cpp:38]   --->   Operation 39 'extractvalue' 'p_s' <Predicate = (!icmp_ln35)> <Delay = 0.00>
ST_1 : Operation 40 [1/1] (1.58ns)   --->   "%store_ln35 = store i15 %add_ln35_1, i15 %indvar_flatten" [../matmul_hls.cpp:35]   --->   Operation 40 'store' 'store_ln35' <Predicate = (!icmp_ln35)> <Delay = 1.58>

State 2 <SV = 1> <Delay = 6.66>
ST_2 : Operation 41 [1/1] (0.00ns)   --->   "%j_load = load i8 %j" [../matmul_hls.cpp:36]   --->   Operation 41 'load' 'j_load' <Predicate = true> <Delay = 0.00>
ST_2 : Operation 42 [1/1] (1.91ns)   --->   "%icmp_ln36 = icmp_eq  i8 %j_load, i8 128" [../matmul_hls.cpp:36]   --->   Operation 42 'icmp' 'icmp_ln36' <Predicate = true> <Delay = 1.91> <CoreInst = "Cmp">   --->   Core 9 'Cmp' <Latency = 0> <II = 1> <Delay = 1.91> <FuncUnit> <Opcode : 'seteq' 'setne' 'setle' 'setge' 'setlt' 'setgt'> <InPorts = 2> <OutPorts = 1>
ST_2 : Operation 43 [1/1] (1.24ns)   --->   "%select_ln35 = select i1 %icmp_ln36, i8 0, i8 %j_load" [../matmul_hls.cpp:35]   --->   Operation 43 'select' 'select_ln35' <Predicate = true> <Delay = 1.24> <CoreInst = "Sel">   --->   Core 73 'Sel' <Latency = 0> <II = 1> <Delay = 1.24> <FuncUnit> <Opcode : 'select'> <InPorts = 3> <OutPorts = 1>
ST_2 : Operation 44 [1/1] (0.00ns)   --->   "%trunc_ln36_1 = trunc i8 %select_ln35" [../matmul_hls.cpp:36]   --->   Operation 44 'trunc' 'trunc_ln36_1' <Predicate = true> <Delay = 0.00>
ST_2 : Operation 45 [1/1] (0.00ns)   --->   "%trunc_ln = partselect i4 @_ssdm_op_PartSelect.i4.i8.i32.i32, i8 %select_ln35, i32 3, i32 6" [../matmul_hls.cpp:38]   --->   Operation 45 'partselect' 'trunc_ln' <Predicate = true> <Delay = 0.00>
ST_2 : Operation 46 [1/1] (1.88ns)   --->   "%switch_ln38 = switch i4 %trunc_ln, void %arrayidx66.case.15, i4 0, void %arrayidx66.case.0, i4 1, void %arrayidx66.case.1, i4 2, void %arrayidx66.case.2, i4 3, void %arrayidx66.case.3, i4 4, void %arrayidx66.case.4, i4 5, void %arrayidx66.case.5, i4 6, void %arrayidx66.case.6, i4 7, void %arrayidx66.case.7, i4 8, void %arrayidx66.case.8, i4 9, void %arrayidx66.case.9, i4 10, void %arrayidx66.case.10, i4 11, void %arrayidx66.case.11, i4 12, void %arrayidx66.case.12, i4 13, void %arrayidx66.case.13, i4 14, void %arrayidx66.case.14" [../matmul_hls.cpp:38]   --->   Operation 46 'switch' 'switch_ln38' <Predicate = true> <Delay = 1.88>
ST_2 : Operation 47 [1/1] (1.91ns)   --->   "%add_ln36 = add i8 %select_ln35, i8 1" [../matmul_hls.cpp:36]   --->   Operation 47 'add' 'add_ln36' <Predicate = true> <Delay = 1.91> <CoreInst = "Adder">   --->   Core 1 'Adder' <Latency = 0> <II = 1> <Delay = 1.91> <FuncUnit> <Opcode : 'add' 'sub'> <InPorts = 2> <OutPorts = 1>
ST_2 : Operation 48 [1/1] (1.58ns)   --->   "%store_ln36 = store i8 %add_ln36, i8 %j" [../matmul_hls.cpp:36]   --->   Operation 48 'store' 'store_ln36' <Predicate = true> <Delay = 1.58>
ST_2 : Operation 108 [1/1] (1.58ns)   --->   "%ret_ln0 = ret"   --->   Operation 108 'ret' 'ret_ln0' <Predicate = (icmp_ln35)> <Delay = 1.58>

State 3 <SV = 2> <Delay = 6.41>
ST_3 : Operation 49 [1/1] (0.00ns)   --->   "%i_load = load i8 %i" [../matmul_hls.cpp:35]   --->   Operation 49 'load' 'i_load' <Predicate = true> <Delay = 0.00>
ST_3 : Operation 50 [1/1] (1.91ns)   --->   "%add_ln35 = add i8 %i_load, i8 1" [../matmul_hls.cpp:35]   --->   Operation 50 'add' 'add_ln35' <Predicate = (icmp_ln36)> <Delay = 1.91> <CoreInst = "Adder">   --->   Core 1 'Adder' <Latency = 0> <II = 1> <Delay = 1.91> <FuncUnit> <Opcode : 'add' 'sub'> <InPorts = 2> <OutPorts = 1>
ST_3 : Operation 51 [1/1] (0.00ns)   --->   "%specloopname_ln0 = specloopname void @_ssdm_op_SpecLoopName, void @VITIS_LOOP_35_1_VITIS_LOOP_36_2_str"   --->   Operation 51 'specloopname' 'specloopname_ln0' <Predicate = true> <Delay = 0.00>
ST_3 : Operation 52 [1/1] (0.00ns)   --->   "%speclooptripcount_ln0 = speclooptripcount void @_ssdm_op_SpecLoopTripCount, i64 16384, i64 16384, i64 16384"   --->   Operation 52 'speclooptripcount' 'speclooptripcount_ln0' <Predicate = true> <Delay = 0.00>
ST_3 : Operation 53 [1/1] (1.24ns)   --->   "%select_ln35_1 = select i1 %icmp_ln36, i8 %add_ln35, i8 %i_load" [../matmul_hls.cpp:35]   --->   Operation 53 'select' 'select_ln35_1' <Predicate = true> <Delay = 1.24> <CoreInst = "Sel">   --->   Core 73 'Sel' <Latency = 0> <II = 1> <Delay = 1.24> <FuncUnit> <Opcode : 'select'> <InPorts = 3> <OutPorts = 1>
ST_3 : Operation 54 [1/1] (0.00ns)   --->   "%trunc_ln36 = trunc i8 %select_ln35_1" [../matmul_hls.cpp:36]   --->   Operation 54 'trunc' 'trunc_ln36' <Predicate = true> <Delay = 0.00>
ST_3 : Operation 55 [1/1] (0.00ns)   --->   "%specpipeline_ln37 = specpipeline void @_ssdm_op_SpecPipeline, i32 1, i32 0, i32 0, i32 0, void @empty_3" [../matmul_hls.cpp:37]   --->   Operation 55 'specpipeline' 'specpipeline_ln37' <Predicate = true> <Delay = 0.00>
ST_3 : Operation 56 [1/1] (0.00ns)   --->   "%tmp = bitconcatenate i10 @_ssdm_op_BitConcatenate.i10.i7.i3, i7 %trunc_ln36, i3 %trunc_ln36_1" [../matmul_hls.cpp:38]   --->   Operation 56 'bitconcatenate' 'tmp' <Predicate = true> <Delay = 0.00>
ST_3 : Operation 57 [1/1] (0.00ns)   --->   "%zext_ln38 = zext i10 %tmp" [../matmul_hls.cpp:38]   --->   Operation 57 'zext' 'zext_ln38' <Predicate = true> <Delay = 0.00>
ST_3 : Operation 58 [1/1] (0.00ns)   --->   "%A_addr = getelementptr i32 %A, i64 0, i64 %zext_ln38" [../matmul_hls.cpp:38]   --->   Operation 58 'getelementptr' 'A_addr' <Predicate = true> <Delay = 0.00>
ST_3 : Operation 59 [1/1] (0.00ns)   --->   "%A_1_addr = getelementptr i32 %A_1, i64 0, i64 %zext_ln38" [../matmul_hls.cpp:38]   --->   Operation 59 'getelementptr' 'A_1_addr' <Predicate = true> <Delay = 0.00>
ST_3 : Operation 60 [1/1] (0.00ns)   --->   "%A_2_addr = getelementptr i32 %A_2, i64 0, i64 %zext_ln38" [../matmul_hls.cpp:38]   --->   Operation 60 'getelementptr' 'A_2_addr' <Predicate = true> <Delay = 0.00>
ST_3 : Operation 61 [1/1] (0.00ns)   --->   "%A_3_addr = getelementptr i32 %A_3, i64 0, i64 %zext_ln38" [../matmul_hls.cpp:38]   --->   Operation 61 'getelementptr' 'A_3_addr' <Predicate = true> <Delay = 0.00>
ST_3 : Operation 62 [1/1] (0.00ns)   --->   "%A_4_addr = getelementptr i32 %A_4, i64 0, i64 %zext_ln38" [../matmul_hls.cpp:38]   --->   Operation 62 'getelementptr' 'A_4_addr' <Predicate = true> <Delay = 0.00>
ST_3 : Operation 63 [1/1] (0.00ns)   --->   "%A_5_addr = getelementptr i32 %A_5, i64 0, i64 %zext_ln38" [../matmul_hls.cpp:38]   --->   Operation 63 'getelementptr' 'A_5_addr' <Predicate = true> <Delay = 0.00>
ST_3 : Operation 64 [1/1] (0.00ns)   --->   "%A_6_addr = getelementptr i32 %A_6, i64 0, i64 %zext_ln38" [../matmul_hls.cpp:38]   --->   Operation 64 'getelementptr' 'A_6_addr' <Predicate = true> <Delay = 0.00>
ST_3 : Operation 65 [1/1] (0.00ns)   --->   "%A_7_addr = getelementptr i32 %A_7, i64 0, i64 %zext_ln38" [../matmul_hls.cpp:38]   --->   Operation 65 'getelementptr' 'A_7_addr' <Predicate = true> <Delay = 0.00>
ST_3 : Operation 66 [1/1] (0.00ns)   --->   "%A_8_addr = getelementptr i32 %A_8, i64 0, i64 %zext_ln38" [../matmul_hls.cpp:38]   --->   Operation 66 'getelementptr' 'A_8_addr' <Predicate = true> <Delay = 0.00>
ST_3 : Operation 67 [1/1] (0.00ns)   --->   "%A_9_addr = getelementptr i32 %A_9, i64 0, i64 %zext_ln38" [../matmul_hls.cpp:38]   --->   Operation 67 'getelementptr' 'A_9_addr' <Predicate = true> <Delay = 0.00>
ST_3 : Operation 68 [1/1] (0.00ns)   --->   "%A_10_addr = getelementptr i32 %A_10, i64 0, i64 %zext_ln38" [../matmul_hls.cpp:38]   --->   Operation 68 'getelementptr' 'A_10_addr' <Predicate = true> <Delay = 0.00>
ST_3 : Operation 69 [1/1] (0.00ns)   --->   "%A_11_addr = getelementptr i32 %A_11, i64 0, i64 %zext_ln38" [../matmul_hls.cpp:38]   --->   Operation 69 'getelementptr' 'A_11_addr' <Predicate = true> <Delay = 0.00>
ST_3 : Operation 70 [1/1] (0.00ns)   --->   "%A_12_addr = getelementptr i32 %A_12, i64 0, i64 %zext_ln38" [../matmul_hls.cpp:38]   --->   Operation 70 'getelementptr' 'A_12_addr' <Predicate = true> <Delay = 0.00>
ST_3 : Operation 71 [1/1] (0.00ns)   --->   "%A_13_addr = getelementptr i32 %A_13, i64 0, i64 %zext_ln38" [../matmul_hls.cpp:38]   --->   Operation 71 'getelementptr' 'A_13_addr' <Predicate = true> <Delay = 0.00>
ST_3 : Operation 72 [1/1] (0.00ns)   --->   "%A_14_addr = getelementptr i32 %A_14, i64 0, i64 %zext_ln38" [../matmul_hls.cpp:38]   --->   Operation 72 'getelementptr' 'A_14_addr' <Predicate = true> <Delay = 0.00>
ST_3 : Operation 73 [1/1] (0.00ns)   --->   "%A_15_addr = getelementptr i32 %A_15, i64 0, i64 %zext_ln38" [../matmul_hls.cpp:38]   --->   Operation 73 'getelementptr' 'A_15_addr' <Predicate = true> <Delay = 0.00>
ST_3 : Operation 74 [1/1] (3.25ns)   --->   "%store_ln38 = store i32 %p_s, i10 %A_14_addr" [../matmul_hls.cpp:38]   --->   Operation 74 'store' 'store_ln38' <Predicate = (trunc_ln == 14)> <Delay = 3.25> <CoreInst = "RAM_2P_BRAM">   --->   Core 90 'RAM_2P_BRAM' <Latency = 1> <II = 1> <Delay = 3.25> <Storage> <Opcode : 'load' 'store'> <Ports = 2> <Width = 32> <Depth = 1024> <RAM>
ST_3 : Operation 75 [1/1] (0.00ns)   --->   "%br_ln38 = br void %arrayidx66.exit" [../matmul_hls.cpp:38]   --->   Operation 75 'br' 'br_ln38' <Predicate = (trunc_ln == 14)> <Delay = 0.00>
ST_3 : Operation 76 [1/1] (3.25ns)   --->   "%store_ln38 = store i32 %p_s, i10 %A_13_addr" [../matmul_hls.cpp:38]   --->   Operation 76 'store' 'store_ln38' <Predicate = (trunc_ln == 13)> <Delay = 3.25> <CoreInst = "RAM_2P_BRAM">   --->   Core 90 'RAM_2P_BRAM' <Latency = 1> <II = 1> <Delay = 3.25> <Storage> <Opcode : 'load' 'store'> <Ports = 2> <Width = 32> <Depth = 1024> <RAM>
ST_3 : Operation 77 [1/1] (0.00ns)   --->   "%br_ln38 = br void %arrayidx66.exit" [../matmul_hls.cpp:38]   --->   Operation 77 'br' 'br_ln38' <Predicate = (trunc_ln == 13)> <Delay = 0.00>
ST_3 : Operation 78 [1/1] (3.25ns)   --->   "%store_ln38 = store i32 %p_s, i10 %A_12_addr" [../matmul_hls.cpp:38]   --->   Operation 78 'store' 'store_ln38' <Predicate = (trunc_ln == 12)> <Delay = 3.25> <CoreInst = "RAM_2P_BRAM">   --->   Core 90 'RAM_2P_BRAM' <Latency = 1> <II = 1> <Delay = 3.25> <Storage> <Opcode : 'load' 'store'> <Ports = 2> <Width = 32> <Depth = 1024> <RAM>
ST_3 : Operation 79 [1/1] (0.00ns)   --->   "%br_ln38 = br void %arrayidx66.exit" [../matmul_hls.cpp:38]   --->   Operation 79 'br' 'br_ln38' <Predicate = (trunc_ln == 12)> <Delay = 0.00>
ST_3 : Operation 80 [1/1] (3.25ns)   --->   "%store_ln38 = store i32 %p_s, i10 %A_11_addr" [../matmul_hls.cpp:38]   --->   Operation 80 'store' 'store_ln38' <Predicate = (trunc_ln == 11)> <Delay = 3.25> <CoreInst = "RAM_2P_BRAM">   --->   Core 90 'RAM_2P_BRAM' <Latency = 1> <II = 1> <Delay = 3.25> <Storage> <Opcode : 'load' 'store'> <Ports = 2> <Width = 32> <Depth = 1024> <RAM>
ST_3 : Operation 81 [1/1] (0.00ns)   --->   "%br_ln38 = br void %arrayidx66.exit" [../matmul_hls.cpp:38]   --->   Operation 81 'br' 'br_ln38' <Predicate = (trunc_ln == 11)> <Delay = 0.00>
ST_3 : Operation 82 [1/1] (3.25ns)   --->   "%store_ln38 = store i32 %p_s, i10 %A_10_addr" [../matmul_hls.cpp:38]   --->   Operation 82 'store' 'store_ln38' <Predicate = (trunc_ln == 10)> <Delay = 3.25> <CoreInst = "RAM_2P_BRAM">   --->   Core 90 'RAM_2P_BRAM' <Latency = 1> <II = 1> <Delay = 3.25> <Storage> <Opcode : 'load' 'store'> <Ports = 2> <Width = 32> <Depth = 1024> <RAM>
ST_3 : Operation 83 [1/1] (0.00ns)   --->   "%br_ln38 = br void %arrayidx66.exit" [../matmul_hls.cpp:38]   --->   Operation 83 'br' 'br_ln38' <Predicate = (trunc_ln == 10)> <Delay = 0.00>
ST_3 : Operation 84 [1/1] (3.25ns)   --->   "%store_ln38 = store i32 %p_s, i10 %A_9_addr" [../matmul_hls.cpp:38]   --->   Operation 84 'store' 'store_ln38' <Predicate = (trunc_ln == 9)> <Delay = 3.25> <CoreInst = "RAM_2P_BRAM">   --->   Core 90 'RAM_2P_BRAM' <Latency = 1> <II = 1> <Delay = 3.25> <Storage> <Opcode : 'load' 'store'> <Ports = 2> <Width = 32> <Depth = 1024> <RAM>
ST_3 : Operation 85 [1/1] (0.00ns)   --->   "%br_ln38 = br void %arrayidx66.exit" [../matmul_hls.cpp:38]   --->   Operation 85 'br' 'br_ln38' <Predicate = (trunc_ln == 9)> <Delay = 0.00>
ST_3 : Operation 86 [1/1] (3.25ns)   --->   "%store_ln38 = store i32 %p_s, i10 %A_8_addr" [../matmul_hls.cpp:38]   --->   Operation 86 'store' 'store_ln38' <Predicate = (trunc_ln == 8)> <Delay = 3.25> <CoreInst = "RAM_2P_BRAM">   --->   Core 90 'RAM_2P_BRAM' <Latency = 1> <II = 1> <Delay = 3.25> <Storage> <Opcode : 'load' 'store'> <Ports = 2> <Width = 32> <Depth = 1024> <RAM>
ST_3 : Operation 87 [1/1] (0.00ns)   --->   "%br_ln38 = br void %arrayidx66.exit" [../matmul_hls.cpp:38]   --->   Operation 87 'br' 'br_ln38' <Predicate = (trunc_ln == 8)> <Delay = 0.00>
ST_3 : Operation 88 [1/1] (3.25ns)   --->   "%store_ln38 = store i32 %p_s, i10 %A_7_addr" [../matmul_hls.cpp:38]   --->   Operation 88 'store' 'store_ln38' <Predicate = (trunc_ln == 7)> <Delay = 3.25> <CoreInst = "RAM_2P_BRAM">   --->   Core 90 'RAM_2P_BRAM' <Latency = 1> <II = 1> <Delay = 3.25> <Storage> <Opcode : 'load' 'store'> <Ports = 2> <Width = 32> <Depth = 1024> <RAM>
ST_3 : Operation 89 [1/1] (0.00ns)   --->   "%br_ln38 = br void %arrayidx66.exit" [../matmul_hls.cpp:38]   --->   Operation 89 'br' 'br_ln38' <Predicate = (trunc_ln == 7)> <Delay = 0.00>
ST_3 : Operation 90 [1/1] (3.25ns)   --->   "%store_ln38 = store i32 %p_s, i10 %A_6_addr" [../matmul_hls.cpp:38]   --->   Operation 90 'store' 'store_ln38' <Predicate = (trunc_ln == 6)> <Delay = 3.25> <CoreInst = "RAM_2P_BRAM">   --->   Core 90 'RAM_2P_BRAM' <Latency = 1> <II = 1> <Delay = 3.25> <Storage> <Opcode : 'load' 'store'> <Ports = 2> <Width = 32> <Depth = 1024> <RAM>
ST_3 : Operation 91 [1/1] (0.00ns)   --->   "%br_ln38 = br void %arrayidx66.exit" [../matmul_hls.cpp:38]   --->   Operation 91 'br' 'br_ln38' <Predicate = (trunc_ln == 6)> <Delay = 0.00>
ST_3 : Operation 92 [1/1] (3.25ns)   --->   "%store_ln38 = store i32 %p_s, i10 %A_5_addr" [../matmul_hls.cpp:38]   --->   Operation 92 'store' 'store_ln38' <Predicate = (trunc_ln == 5)> <Delay = 3.25> <CoreInst = "RAM_2P_BRAM">   --->   Core 90 'RAM_2P_BRAM' <Latency = 1> <II = 1> <Delay = 3.25> <Storage> <Opcode : 'load' 'store'> <Ports = 2> <Width = 32> <Depth = 1024> <RAM>
ST_3 : Operation 93 [1/1] (0.00ns)   --->   "%br_ln38 = br void %arrayidx66.exit" [../matmul_hls.cpp:38]   --->   Operation 93 'br' 'br_ln38' <Predicate = (trunc_ln == 5)> <Delay = 0.00>
ST_3 : Operation 94 [1/1] (3.25ns)   --->   "%store_ln38 = store i32 %p_s, i10 %A_4_addr" [../matmul_hls.cpp:38]   --->   Operation 94 'store' 'store_ln38' <Predicate = (trunc_ln == 4)> <Delay = 3.25> <CoreInst = "RAM_2P_BRAM">   --->   Core 90 'RAM_2P_BRAM' <Latency = 1> <II = 1> <Delay = 3.25> <Storage> <Opcode : 'load' 'store'> <Ports = 2> <Width = 32> <Depth = 1024> <RAM>
ST_3 : Operation 95 [1/1] (0.00ns)   --->   "%br_ln38 = br void %arrayidx66.exit" [../matmul_hls.cpp:38]   --->   Operation 95 'br' 'br_ln38' <Predicate = (trunc_ln == 4)> <Delay = 0.00>
ST_3 : Operation 96 [1/1] (3.25ns)   --->   "%store_ln38 = store i32 %p_s, i10 %A_3_addr" [../matmul_hls.cpp:38]   --->   Operation 96 'store' 'store_ln38' <Predicate = (trunc_ln == 3)> <Delay = 3.25> <CoreInst = "RAM_2P_BRAM">   --->   Core 90 'RAM_2P_BRAM' <Latency = 1> <II = 1> <Delay = 3.25> <Storage> <Opcode : 'load' 'store'> <Ports = 2> <Width = 32> <Depth = 1024> <RAM>
ST_3 : Operation 97 [1/1] (0.00ns)   --->   "%br_ln38 = br void %arrayidx66.exit" [../matmul_hls.cpp:38]   --->   Operation 97 'br' 'br_ln38' <Predicate = (trunc_ln == 3)> <Delay = 0.00>
ST_3 : Operation 98 [1/1] (3.25ns)   --->   "%store_ln38 = store i32 %p_s, i10 %A_2_addr" [../matmul_hls.cpp:38]   --->   Operation 98 'store' 'store_ln38' <Predicate = (trunc_ln == 2)> <Delay = 3.25> <CoreInst = "RAM_2P_BRAM">   --->   Core 90 'RAM_2P_BRAM' <Latency = 1> <II = 1> <Delay = 3.25> <Storage> <Opcode : 'load' 'store'> <Ports = 2> <Width = 32> <Depth = 1024> <RAM>
ST_3 : Operation 99 [1/1] (0.00ns)   --->   "%br_ln38 = br void %arrayidx66.exit" [../matmul_hls.cpp:38]   --->   Operation 99 'br' 'br_ln38' <Predicate = (trunc_ln == 2)> <Delay = 0.00>
ST_3 : Operation 100 [1/1] (3.25ns)   --->   "%store_ln38 = store i32 %p_s, i10 %A_1_addr" [../matmul_hls.cpp:38]   --->   Operation 100 'store' 'store_ln38' <Predicate = (trunc_ln == 1)> <Delay = 3.25> <CoreInst = "RAM_2P_BRAM">   --->   Core 90 'RAM_2P_BRAM' <Latency = 1> <II = 1> <Delay = 3.25> <Storage> <Opcode : 'load' 'store'> <Ports = 2> <Width = 32> <Depth = 1024> <RAM>
ST_3 : Operation 101 [1/1] (0.00ns)   --->   "%br_ln38 = br void %arrayidx66.exit" [../matmul_hls.cpp:38]   --->   Operation 101 'br' 'br_ln38' <Predicate = (trunc_ln == 1)> <Delay = 0.00>
ST_3 : Operation 102 [1/1] (3.25ns)   --->   "%store_ln38 = store i32 %p_s, i10 %A_addr" [../matmul_hls.cpp:38]   --->   Operation 102 'store' 'store_ln38' <Predicate = (trunc_ln == 0)> <Delay = 3.25> <CoreInst = "RAM_2P_BRAM">   --->   Core 90 'RAM_2P_BRAM' <Latency = 1> <II = 1> <Delay = 3.25> <Storage> <Opcode : 'load' 'store'> <Ports = 2> <Width = 32> <Depth = 1024> <RAM>
ST_3 : Operation 103 [1/1] (0.00ns)   --->   "%br_ln38 = br void %arrayidx66.exit" [../matmul_hls.cpp:38]   --->   Operation 103 'br' 'br_ln38' <Predicate = (trunc_ln == 0)> <Delay = 0.00>
ST_3 : Operation 104 [1/1] (3.25ns)   --->   "%store_ln38 = store i32 %p_s, i10 %A_15_addr" [../matmul_hls.cpp:38]   --->   Operation 104 'store' 'store_ln38' <Predicate = (trunc_ln == 15)> <Delay = 3.25> <CoreInst = "RAM_2P_BRAM">   --->   Core 90 'RAM_2P_BRAM' <Latency = 1> <II = 1> <Delay = 3.25> <Storage> <Opcode : 'load' 'store'> <Ports = 2> <Width = 32> <Depth = 1024> <RAM>
ST_3 : Operation 105 [1/1] (0.00ns)   --->   "%br_ln38 = br void %arrayidx66.exit" [../matmul_hls.cpp:38]   --->   Operation 105 'br' 'br_ln38' <Predicate = (trunc_ln == 15)> <Delay = 0.00>
ST_3 : Operation 106 [1/1] (1.58ns)   --->   "%store_ln35 = store i8 %select_ln35_1, i8 %i" [../matmul_hls.cpp:35]   --->   Operation 106 'store' 'store_ln35' <Predicate = true> <Delay = 1.58>
ST_3 : Operation 107 [1/1] (0.00ns)   --->   "%br_ln36 = br void %for.inc" [../matmul_hls.cpp:36]   --->   Operation 107 'br' 'br_ln36' <Predicate = true> <Delay = 0.00>


============================================================
+ Verbose Summary: Timing violations
============================================================
Target clock period: 10.000ns, clock uncertainty: 2.700ns.

 <State 1>: 5.120ns
The critical path consists of the following:
	'store' operation 0 bit ('store_ln0') of constant 0 on local variable 'indvar_flatten' [45]  (1.588 ns)
	'load' operation 15 bit ('indvar_flatten_load', ../matmul_hls.cpp:35) on local variable 'indvar_flatten' [50]  (0.000 ns)
	'icmp' operation 1 bit ('icmp_ln35', ../matmul_hls.cpp:35) [51]  (1.944 ns)
	'store' operation 0 bit ('store_ln35', ../matmul_hls.cpp:35) of variable 'add_ln35_1', ../matmul_hls.cpp:35 on local variable 'indvar_flatten' [138]  (1.588 ns)

 <State 2>: 6.666ns
The critical path consists of the following:
	'load' operation 8 bit ('j_load', ../matmul_hls.cpp:36) on local variable 'j', ../matmul_hls.cpp:36 [55]  (0.000 ns)
	'icmp' operation 1 bit ('icmp_ln36', ../matmul_hls.cpp:36) [60]  (1.915 ns)
	'select' operation 8 bit ('select_ln35', ../matmul_hls.cpp:35) [61]  (1.248 ns)
	'add' operation 8 bit ('add_ln36', ../matmul_hls.cpp:36) [137]  (1.915 ns)
	'store' operation 0 bit ('store_ln36', ../matmul_hls.cpp:36) of variable 'add_ln36', ../matmul_hls.cpp:36 on local variable 'j', ../matmul_hls.cpp:36 [140]  (1.588 ns)

 <State 3>: 6.417ns
The critical path consists of the following:
	'load' operation 8 bit ('i_load', ../matmul_hls.cpp:35) on local variable 'i', ../matmul_hls.cpp:35 [56]  (0.000 ns)
	'add' operation 8 bit ('add_ln35', ../matmul_hls.cpp:35) [57]  (1.915 ns)
	'select' operation 8 bit ('select_ln35_1', ../matmul_hls.cpp:35) [62]  (1.248 ns)
	'getelementptr' operation 10 bit ('A_14_addr', ../matmul_hls.cpp:38) [82]  (0.000 ns)
	'store' operation 0 bit ('store_ln38', ../matmul_hls.cpp:38) of variable 'p_s', ../matmul_hls.cpp:38 on array 'A_14' [89]  (3.254 ns)


============================================================
+ Verbose Summary: Binding
============================================================
N/A
* FSMD analyzer results:
  - Output states:
 - Input state : 
  - Chain level:
	State 1
	State 2
	State 3


============================================================
+ Verbose Summary: Datapath Resource usage 
============================================================
N/A
