Mon Sep 15 23:19:52 2025: Running xcd server. This server was built by gradle.
Mon Sep 15 23:19:52 2025: Server was asked to start on port: '45795'
Mon Sep 15 23:19:52 2025: Server is using token UUID: '364f3860-a700-45f0-899f-64892c79f50a'
Mon Sep 15 23:19:52 2025: SESSION_MGR: creating session with session uuid: '6d04a3e9-ade5-4ab9-8d63-1f78fcd2ec76' and name 'default'
Mon Sep 15 23:19:52 2025: Attempting to start server on port '45795'
Mon Sep 15 23:19:52 2025: XCD main fifo: created main fifo '/tmp/xcdmain364f3860-a700-45f0-899f-64892c79f50a', fd read = 13
Mon Sep 15 23:19:52 2025: Running Dispatch Server
Mon Sep 15 23:19:52 2025: Version 2.2.0
Mon Sep 15 23:19:54 2025: Dispatch Server: Accepted socket connection from client
Mon Sep 15 23:19:54 2025: Starting Socket connection
Mon Sep 15 23:19:54 2025: EXCHANGE_TOKEN received, server token: 364f3860-a700-45f0-899f-64892c79f50a, passed token: 364f3860-a700-45f0-899f-64892c79f50a
Mon Sep 15 23:19:54 2025: DISPATCH_HANDLER: Adding handler from function makeHandler in library libxv_system_diagram
Mon Sep 15 23:19:54 2025: SESSION_MGR: creating session with session uuid: '89856c44-992f-405a-acbc-108477a99358' and name 'v++_compile_matmul_hls'
Mon Sep 15 23:19:54 2025: KERNEL_SVC: creating session with uuid: '89856c44-992f-405a-acbc-108477a99358' and name 'v++_compile_matmul_hls'
Mon Sep 15 23:19:54 2025: GUIDANCE_SMGR: creating guidance session with uuid: '89856c44-992f-405a-acbc-108477a99358' and name 'v++_compile_matmul_hls'
Mon Sep 15 23:19:54 2025: SYSTEM_DIAGRAM: creating session with uuid: '89856c44-992f-405a-acbc-108477a99358' and name 'v++_compile_matmul_hls'
Mon Sep 15 23:19:57 2025: Dispatch Server: Accepted socket connection from client
Mon Sep 15 23:19:57 2025: Starting Socket connection
Mon Sep 15 23:20:12 2025: SESSION_MGR: closing session for UUID '89856c44-992f-405a-acbc-108477a99358' with name 'v++_compile_matmul_hls'
Mon Sep 15 23:20:12 2025: KERNEL_SVC: closing session for UUID '89856c44-992f-405a-acbc-108477a99358' with name 'v++_compile_matmul_hls'
Mon Sep 15 23:20:12 2025: GUIDANCE_SMGR: closing session for UUID '89856c44-992f-405a-acbc-108477a99358' with name 'v++_compile_matmul_hls'
Mon Sep 15 23:20:12 2025: SYSTEM_DIAGRAM: closing session for UUID '89856c44-992f-405a-acbc-108477a99358' with name 'v++_compile_matmul_hls'
Mon Sep 15 23:20:12 2025: STOP_SERVER received, server token: 364f3860-a700-45f0-899f-64892c79f50a, passed token: 364f3860-a700-45f0-899f-64892c79f50a
Mon Sep 15 23:20:12 2025: Socket received request to stop server.
Mon Sep 15 23:20:12 2025: Dispatch Server: do_await_stop
Mon Sep 15 23:20:12 2025: Dispatch Server: stopping mainFifo_
Mon Sep 15 23:20:12 2025: XCD main fifo: Stopping
Mon Sep 15 23:20:12 2025: XCD main fifo: do_read error code: Operation canceled
Mon Sep 15 23:20:12 2025: XCD main fifo: bytes_transferred: 0
Mon Sep 15 23:20:12 2025: SERVER: destructor for server bound to port 45795
Mon Sep 15 23:20:12 2025: XCD main fifo: Good unlink of /tmp/xcdmain364f3860-a700-45f0-899f-64892c79f50a
Mon Sep 15 23:20:12 2025: Server exiting with status 0.
Mon Sep 15 23:20:12 2025: Closing log file.
Mon Sep 15 23:20:18 2025: Running xcd server. This server was built by gradle.
Mon Sep 15 23:20:18 2025: Server was asked to start on port: '35689'
Mon Sep 15 23:20:18 2025: Server is using token UUID: '0df05791-918c-4659-91d1-991ff62749fd'
Mon Sep 15 23:20:18 2025: SESSION_MGR: creating session with session uuid: '6d04a3e9-ade5-4ab9-8d63-1f78fcd2ec76' and name 'default'
Mon Sep 15 23:20:18 2025: Attempting to start server on port '35689'
Mon Sep 15 23:20:18 2025: XCD main fifo: created main fifo '/tmp/xcdmain0df05791-918c-4659-91d1-991ff62749fd', fd read = 13
Mon Sep 15 23:20:18 2025: Running Dispatch Server
Mon Sep 15 23:20:18 2025: Version 2.2.0
Mon Sep 15 23:20:20 2025: Dispatch Server: Accepted socket connection from client
Mon Sep 15 23:20:20 2025: Starting Socket connection
Mon Sep 15 23:20:20 2025: EXCHANGE_TOKEN received, server token: 0df05791-918c-4659-91d1-991ff62749fd, passed token: 0df05791-918c-4659-91d1-991ff62749fd
Mon Sep 15 23:20:20 2025: DISPATCH_HANDLER: Adding handler from function makeHandler in library libxv_system_diagram
Mon Sep 15 23:20:20 2025: SESSION_MGR: creating session with session uuid: '26cc1f16-6b18-4cad-b5d3-e818fad9c6f4' and name 'vitis-run_compile_matmul_hls'
Mon Sep 15 23:20:20 2025: KERNEL_SVC: creating session with uuid: '26cc1f16-6b18-4cad-b5d3-e818fad9c6f4' and name 'vitis-run_compile_matmul_hls'
Mon Sep 15 23:20:20 2025: GUIDANCE_SMGR: creating guidance session with uuid: '26cc1f16-6b18-4cad-b5d3-e818fad9c6f4' and name 'vitis-run_compile_matmul_hls'
Mon Sep 15 23:20:20 2025: SYSTEM_DIAGRAM: creating session with uuid: '26cc1f16-6b18-4cad-b5d3-e818fad9c6f4' and name 'vitis-run_compile_matmul_hls'
Mon Sep 15 23:20:23 2025: Dispatch Server: Accepted socket connection from client
Mon Sep 15 23:20:23 2025: Starting Socket connection
Mon Sep 15 23:20:42 2025: SESSION_MGR: closing session for UUID '26cc1f16-6b18-4cad-b5d3-e818fad9c6f4' with name 'vitis-run_compile_matmul_hls'
Mon Sep 15 23:20:42 2025: KERNEL_SVC: closing session for UUID '26cc1f16-6b18-4cad-b5d3-e818fad9c6f4' with name 'vitis-run_compile_matmul_hls'
Mon Sep 15 23:20:42 2025: GUIDANCE_SMGR: closing session for UUID '26cc1f16-6b18-4cad-b5d3-e818fad9c6f4' with name 'vitis-run_compile_matmul_hls'
Mon Sep 15 23:20:42 2025: SYSTEM_DIAGRAM: closing session for UUID '26cc1f16-6b18-4cad-b5d3-e818fad9c6f4' with name 'vitis-run_compile_matmul_hls'
Mon Sep 15 23:20:42 2025: STOP_SERVER received, server token: 0df05791-918c-4659-91d1-991ff62749fd, passed token: 0df05791-918c-4659-91d1-991ff62749fd
Mon Sep 15 23:20:42 2025: Socket received request to stop server.
Mon Sep 15 23:20:42 2025: Dispatch Server: do_await_stop
Mon Sep 15 23:20:42 2025: Dispatch Server: stopping mainFifo_
Mon Sep 15 23:20:42 2025: XCD main fifo: Stopping
Mon Sep 15 23:20:42 2025: XCD main fifo: do_read error code: Operation canceled
Mon Sep 15 23:20:42 2025: XCD main fifo: bytes_transferred: 0
Mon Sep 15 23:20:42 2025: SERVER: destructor for server bound to port 35689
Mon Sep 15 23:20:42 2025: XCD main fifo: Good unlink of /tmp/xcdmain0df05791-918c-4659-91d1-991ff62749fd
Mon Sep 15 23:20:42 2025: Server exiting with status 0.
Mon Sep 15 23:20:42 2025: Closing log file.
